<?xml version="1.0" encoding="UTF-8"?>
<coverage generated="1787319909085" clover="3.2.0">
  <project timestamp="1787319909085" name="All files">
    <metrics statements="16" coveredstatements="10" conditionals="4" coveredconditionals="1" methods="1" coveredmethods="1" elements="21" coveredelements="12" complexity="0" loc="16" ncloc="16" packages="1" files="1" classes="1"/>
    <file name="transformStateWithClones.js" path="E:\vscode_projects\projects\js_stateful-clones\src\transformStateWithClones.js">
      <metrics statements="16" coveredstatements="10" conditionals="4" coveredconditionals="1" methods="1" coveredmethods="1"/>
      <line num="10" count="1" type="stmt"/>
      <line num="12" count="1" type="stmt"/>
      <line num="13" count="1" type="stmt"/>
      <line num="15" count="1" type="cond" truecount="1" falsecount="3"/>
      <line num="17" count="0" type="stmt"/>
      <line num="19" count="0" type="stmt"/>
      <line num="20" count="0" type="stmt"/>
      <line num="23" count="1" type="stmt"/>
      <line num="24" count="1" type="stmt"/>
      <line num="26" count="1" type="stmt"/>
      <line num="28" count="1" type="stmt"/>
      <line num="31" count="0" type="stmt"/>
      <line num="32" count="0" type="stmt"/>
      <line num="35" count="0" type="stmt"/>
      <line num="39" count="1" type="stmt"/>
      <line num="42" count="1" type="stmt"/>
    </file>
  </project>
</coverage>
