{"C:\\Users\\Glaucco\\Documents\\MateAcademy\\clonagem_e_transformacao\\js_stateful-clones\\src\\transformStateWithClones.js": {"path":"C:\\Users\\Glaucco\\Documents\\MateAcademy\\clonagem_e_transformacao\\js_stateful-clones\\src\\transformStateWithClones.js","statementMap":{"0":{"start":{"line":20,"column":23},"end":{"line":20,"column":25}},"1":{"start":{"line":23,"column":21},"end":{"line":23,"column":40}},"2":{"start":{"line":25,"column":2},"end":{"line":50,"column":5}},"3":{"start":{"line":26,"column":4},"end":{"line":46,"column":5}},"4":{"start":{"line":29,"column":8},"end":{"line":29,"column":26}},"5":{"start":{"line":30,"column":8},"end":{"line":30,"column":14}},"6":{"start":{"line":34,"column":8},"end":{"line":34,"column":64}},"7":{"start":{"line":35,"column":8},"end":{"line":35,"column":14}},"8":{"start":{"line":39,"column":8},"end":{"line":41,"column":11}},"9":{"start":{"line":40,"column":10},"end":{"line":40,"column":35}},"10":{"start":{"line":42,"column":8},"end":{"line":42,"column":14}},"11":{"start":{"line":45,"column":8},"end":{"line":45,"column":14}},"12":{"start":{"line":49,"column":4},"end":{"line":49,"column":43}},"13":{"start":{"line":52,"column":2},"end":{"line":52,"column":22}},"14":{"start":{"line":55,"column":0},"end":{"line":55,"column":42}}},"fnMap":{"0":{"name":"transformStateWithClones","decl":{"start":{"line":19,"column":9},"end":{"line":19,"column":33}},"loc":{"start":{"line":19,"column":57},"end":{"line":53,"column":1}},"line":19},"1":{"name":"(anonymous_1)","decl":{"start":{"line":25,"column":18},"end":{"line":25,"column":19}},"loc":{"start":{"line":25,"column":30},"end":{"line":50,"column":3}},"line":25},"2":{"name":"(anonymous_2)","decl":{"start":{"line":39,"column":36},"end":{"line":39,"column":37}},"loc":{"start":{"line":39,"column":45},"end":{"line":41,"column":9}},"line":39}},"branchMap":{"0":{"loc":{"start":{"line":26,"column":4},"end":{"line":46,"column":5}},"type":"switch","locations":[{"start":{"line":27,"column":6},"end":{"line":30,"column":14}},{"start":{"line":32,"column":6},"end":{"line":35,"column":14}},{"start":{"line":37,"column":6},"end":{"line":42,"column":14}},{"start":{"line":44,"column":6},"end":{"line":45,"column":14}}],"line":26}},"s":{"0":12,"1":12,"2":12,"3":21,"4":6,"5":6,"6":8,"7":8,"8":7,"9":11,"10":7,"11":0,"12":21,"13":12,"14":1},"f":{"0":12,"1":21,"2":11},"b":{"0":[6,8,7,0]},"_coverageSchema":"1a1c01bbd47fc00a2c39e90264f33305004495a9","hash":"829b0a0ef4008b6145e65d7278c8e791953a98bd"}
}
