{"E:\\vscode_projects\\projects\\js_stateful-clones\\src\\transformStateWithClones.js": {"path":"E:\\vscode_projects\\projects\\js_stateful-clones\\src\\transformStateWithClones.js","statementMap":{"0":{"start":{"line":10,"column":15},"end":{"line":10,"column":17}},"1":{"start":{"line":12,"column":2},"end":{"line":37,"column":3}},"2":{"start":{"line":12,"column":15},"end":{"line":12,"column":16}},"3":{"start":{"line":13,"column":20},"end":{"line":13,"column":32}},"4":{"start":{"line":15,"column":4},"end":{"line":36,"column":5}},"5":{"start":{"line":17,"column":27},"end":{"line":17,"column":68}},"6":{"start":{"line":19,"column":8},"end":{"line":19,"column":29}},"7":{"start":{"line":20,"column":8},"end":{"line":20,"column":14}},"8":{"start":{"line":23,"column":8},"end":{"line":27,"column":9}},"9":{"start":{"line":24,"column":40},"end":{"line":24,"column":49}},"10":{"start":{"line":26,"column":10},"end":{"line":26,"column":25}},"11":{"start":{"line":28,"column":8},"end":{"line":28,"column":14}},"12":{"start":{"line":31,"column":8},"end":{"line":31,"column":23}},"13":{"start":{"line":32,"column":8},"end":{"line":32,"column":14}},"14":{"start":{"line":35,"column":8},"end":{"line":35,"column":14}},"15":{"start":{"line":39,"column":2},"end":{"line":39,"column":14}},"16":{"start":{"line":42,"column":0},"end":{"line":42,"column":42}}},"fnMap":{"0":{"name":"transformStateWithClones","decl":{"start":{"line":9,"column":9},"end":{"line":9,"column":33}},"loc":{"start":{"line":9,"column":50},"end":{"line":40,"column":1}},"line":9}},"branchMap":{"0":{"loc":{"start":{"line":15,"column":4},"end":{"line":36,"column":5}},"type":"switch","locations":[{"start":{"line":16,"column":6},"end":{"line":20,"column":14}},{"start":{"line":22,"column":6},"end":{"line":28,"column":14}},{"start":{"line":30,"column":6},"end":{"line":32,"column":14}},{"start":{"line":34,"column":6},"end":{"line":35,"column":14}}],"line":15}},"s":{"0":1,"1":1,"2":1,"3":1,"4":1,"5":0,"6":0,"7":0,"8":1,"9":1,"10":1,"11":1,"12":0,"13":0,"14":0,"15":1,"16":1},"f":{"0":1},"b":{"0":[0,1,0,0]},"_coverageSchema":"1a1c01bbd47fc00a2c39e90264f33305004495a9","hash":"2af1334cd8056f84e99b0246fa2e671ac5a7c8da"}
}
